<?xml version="1.0" encoding="UTF-8"?>
<!-- Generated by org.testng.reporters.JUnitReportReporter -->
<testsuite hostname="krushabh" failures="0" tests="1" name="TEST_Classes.Post_TC1" time="3.475" errors="0" timestamp="2023-06-26T22:02:12 IST" skipped="0">
  <testcase classname="TEST_Classes.Post_TC1" name="extractor" time="3.475"/>
  <system-out/>
</testsuite> <!-- TEST_Classes.Post_TC1 -->
